"File: LCD.c         Assembler  Version HGASM0202      Page 1


   1  0000              ; Generated by holtek-gcc v3.19, Thu Aug 15 10:10:05 2024
   2  0000              ; 
   3  0000              ; Configuration:
   4  0000              ;       with long instruction
   5  0000              ;       Multi-ROM, Multi-RAM
   6  0000              ;       bits_per_rom_unit:16
   7  0000              ;       with mp1
   8  0000              ;       with tbhp, address(0x9)
   9  0000              ;          Use tabrd-const
  10  0000              ;       
  11  0000              ; SFR address of long-instruction arch:
  12  0000              ;    mp0 = -1,1,0
  13  0000              ;    mp1 = 4,3,2
  14  0000              ;    mp2 = 14,13,12
  15  0000              ;    tbp = 9,7,8
  16  0000              ;    acc = 5
  17  0000              ;    pcl = 6
  18  0000              ;    status = 10
  19  0000              ;    bp = 11
  20  0000              ;    intc = 16
  21  0000              ;       
  22  0000              ;       
  23  0000              ; use 'tabrdc' instead of 'tabrd'
  24  0000              ;       
  25  0000              
  26  0000              #pragma translator "holtek-gcc 4.6.4" "3.19" "build 20130711"
  27  0000              ; Rebuild 718
  28  0000              
  29  0000              ir equ [2]
  30  0000              mp equ [3]
  31  0000              sbp equ [4]
  32  0000              acc equ [5]
  33  0000              bp equ [11]
  34  0000              tblp equ [7]
  35  0000              tbhp equ [9]
  36  0000              status equ [10]
  37  0000              c equ [10].0
  38  0000              ac equ [10].1
  39  0000              z equ [10].2
  40  0000              ov equ [10].3
  41  0000              cz equ [10].6
  42  0000              sc equ [10].7
  43  0000              intc equ [16]
  44  0000              mduwr0 equ [59h]
  45  0000              mduwr1 equ [5ah]
  46  0000              mduwr2 equ [5bh]
  47  0000              mduwr3 equ [5ch]
  48  0000              mduwr4 equ [5dh]
  49  0000              mduwr5 equ [5eh]
  50  0000              mduwrctrl equ [5fh]
  51  0000              
  52  0000              extern ra:byte
  53  0000              extern rb:byte
  54  0000              extern rc:byte
  55  0000              extern rd:byte
  56  0000              extern re:byte
  57  0000              extern rf:byte
  58  0000              extern rg:byte
  59  0000              extern rh:byte
"File: LCD.ASM       Assembler  Version HGASM0202      Page 2

  60  0000              extern _Crom2Prom:near
  61  0000              extern _Crom2PromNext:near
  62  0000              
  63  0000              RAMBANK 0 @BITDATASEC, @BITDATASEC1
  64  0000              @HCCINIT	.section 'data'
  65  0000              @HCCINIT0	.section 'data'
  66  0000              @BITDATASEC	 .section 'data'
  67  0000              @BITDATASEC1	 .section 'data'
  68  0000              
  69  0000              #pragma debug scope 1 1
  70  0000              	extern __DELAY3:near
  71  0000              	extern __DELAYX3:near
  72  0000              	extern __DELAYX6:near
  73  0000              	extern __DELAYY5:near
  74  0000              	extern __DELAYY3:near
  75  0000              	extern _builtin_holtek_delay_2:byte
  76  0000              ___pf equ [36]
  77  0000              ___pd equ [30]
  78  0000              public _LCD_Cmd
  79  0000              #pragma debug scope 2 1

   6  0000              #line 6 "d:\htk\mp3_test\LCD.c"
   6  0000              _LCD_Cmd .section 'code'
   6  0000              _LCD_Cmd proc
   6  0000  00              local _LCD_Cmd_2 db 1 dup(?)	; 0,1
   6  0000  0080     E  	mov ra,a
   6  0001  0080     R  	mov _LCD_Cmd_2[0],a
   6  0002              #pragma debug variable 8 2 _LCD_Cmd_2+0 "data"
   7  0002              #line 7 "d:\htk\mp3_test\LCD.c"
   7  0002  0700     E  	mov a,ra
   7  0003  00A4        	mov [36],a
   8  0004              #line 8 "d:\htk\mp3_test\LCD.c"
   8  0004  361E        	clr [30].4
   9  0005              #line 9 "d:\htk\mp3_test\LCD.c"
   9  0005  369E        	clr [30].5
  10  0006              #line 10 "d:\htk\mp3_test\LCD.c"
  10  0006  331E        	set [30].6
  11  0007              #line 11 "d:\htk\mp3_test\LCD.c"
  11  0007  0F03        	mov a,3
  11  0008  0080     E  	mov _delay_ms_2[0],a
  11  0009  1F00     E  	clr _delay_ms_2[1]
  11  000A              	fcall _delay_ms
  12  0011              #line 12 "d:\htk\mp3_test\LCD.c"
  12  0011  371E        	clr [30].6
  12  0012  0003        	ret
  12  0013              _LCD_Cmd endp
  12  0013              #line 12 "d:\htk\mp3_test\LCD.c"
  12  0013              #pragma debug scope 1 1
  12  0013              public _LCD_Reset
  12  0013              #pragma debug scope 3 1
  15  0013              #line 15 "d:\htk\mp3_test\LCD.c"
  15  0000              _LCD_Reset .section 'code'
  15  0000              _LCD_Reset proc
  16  0000              #line 16 "d:\htk\mp3_test\LCD.c"
  16  0000  0F38        	mov a,56
  16  0001              	fcall _LCD_Cmd
  17  0008              #line 17 "d:\htk\mp3_test\LCD.c"
  17  0008  0F0C        	mov a,12
  17  0009              	fcall _LCD_Cmd
  18  0010              #line 18 "d:\htk\mp3_test\LCD.c"
"File: LCD.c         Assembler  Version HGASM0202      Page 3

  18  0010  0F06        	mov a,6
  18  0011              	fcall _LCD_Cmd
  19  0018              #line 19 "d:\htk\mp3_test\LCD.c"
  19  0018  0F01        	mov a,1
  19  0019              	fcall _LCD_Cmd
  20  0020              #line 20 "d:\htk\mp3_test\LCD.c"
  20  0020  0F02        	mov a,2
  20  0021              	fcall _LCD_Cmd
  20  0028  0003        	ret
  20  0029              _LCD_Reset endp
  20  0029              #line 20 "d:\htk\mp3_test\LCD.c"
  20  0029              #pragma debug scope 1 1
  20  0029              public _LCD_Senddata
  20  0029              #pragma debug scope 4 1
  23  0029              #line 23 "d:\htk\mp3_test\LCD.c"
  23  0000              _LCD_Senddata .section 'code'
  23  0000              _LCD_Senddata proc
  23  0000  00              local _LCD_Senddata_2 db 1 dup(?)	; 0,1
  23  0000  0080     E  	mov ra,a
  23  0001  0080     R  	mov _LCD_Senddata_2[0],a
  23  0002              #pragma debug variable 8 4 _LCD_Senddata_2+0 "data"
  24  0002              #line 24 "d:\htk\mp3_test\LCD.c"
  24  0002  0700     E  	mov a,ra
  24  0003  00A4        	mov [36],a
  25  0004              #line 25 "d:\htk\mp3_test\LCD.c"
  25  0004  321E        	set [30].4
  26  0005              #line 26 "d:\htk\mp3_test\LCD.c"
  26  0005  369E        	clr [30].5
  27  0006              #line 27 "d:\htk\mp3_test\LCD.c"
  27  0006  331E        	set [30].6
  28  0007              #line 28 "d:\htk\mp3_test\LCD.c"
  28  0007  0F03        	mov a,3
  28  0008  0080     E  	mov _delay_ms_2[0],a
  28  0009  1F00     E  	clr _delay_ms_2[1]
  28  000A              	fcall _delay_ms
  29  0011              #line 29 "d:\htk\mp3_test\LCD.c"
  29  0011  371E        	clr [30].6
  29  0012  0003        	ret
  29  0013              _LCD_Senddata endp
  29  0013              #line 29 "d:\htk\mp3_test\LCD.c"
  29  0013              #pragma debug scope 1 1
  29  0013              public _LCD_Print_Str
  29  0013              #pragma debug scope 5 1
  33  0013              #line 33 "d:\htk\mp3_test\LCD.c"
  33  0000              _LCD_Print_Str .section 'code'
  33  0000              _LCD_Print_Str proc
  33  0000              public _LCD_Print_Str_2
  33  0000  0002[           local _LCD_Print_Str_2 db 2 dup(?)	; 2,0
            00
            ]
  33  0002              #pragma debug pointer 42 7 5
  33  0002              #pragma debug pointer 42 7 5
  33  0002              #pragma debug variable 42 5 _LCD_Print_Str_2+0 "p"
  34  0002              #line 34 "d:\htk\mp3_test\LCD.c"
  34  0000  2800     R  	jmp _L5
  34  0001              _L6:
  35  0001              #line 35 "d:\htk\mp3_test\LCD.c"
  35  0001  1480     R  	inc _LCD_Print_Str_2[0]
  35  0002  3D0A        	sz z
  35  0003  1480     R  	inc _LCD_Print_Str_2[1]
"File: LCD.c         Assembler  Version HGASM0202      Page 4

  35  0004  0700     E  	mov a,ra
  35  0005              	fcall _LCD_Senddata
  35  000C              _L5:
  34  000C              #line 34 "d:\htk\mp3_test\LCD.c"
  34  000C  0700     R  	mov a,_LCD_Print_Str_2[0]
  34  000D  0083        	mov mp,a
  34  000E  0700     R  	mov a,_LCD_Print_Str_2[1]
  34  000F  0084        	mov sbp,a
  34  0010              	fcall _Crom2Prom
  34  0017  0080     E  	mov ra,a
  34  0018  1080     E  	sz ra
  34  0019  2800     R  	jmp _L6
  34  001A  0003        	ret
  34  001B              _LCD_Print_Str endp
  34  001B              #line 34 "d:\htk\mp3_test\LCD.c"
  34  001B              #pragma debug scope 1 1
  34  001B              #pragma debug struct_end
  34  001B              #pragma debug struct_end
  34  001B              #pragma debug union_end
  34  001B              #pragma debug union_end
  34  001B              #pragma debug variable 44 1 ___pd "__pd" 1
  34  001B              #pragma debug struct_end
  34  001B              #pragma debug struct_end
  34  001B              #pragma debug union_end
  34  001B              #pragma debug union_end
  34  001B              #pragma debug variable 46 1 ___pf "__pf" 1
  34  001B              extern _delay_ms_2:byte
  34  001B              extern _delay_ms:near
  34  001B              
  34  001B              ; 
  34  001B              ; Generated by holtek-gcc v3.19, Thu Aug 15 10:10:05 2024
  34  001B              ; Rebuild 718
  34  001B              ; end of file


        0 Errors, 0